{
  "RSpec": {
    "coverage": {
      "/Users/gilbert/rails_app/merchant/spec/controllers/categories_controllers_spec.rb": [
        1,
        null,
        1,
        1,
        1,
        1,
        1,
        1,
        null,
        null,
        null,
        null,
        1,
        2,
        2,
        null,
        1,
        1,
        1,
        1,
        null,
        null,
        null,
        null,
        1,
        21,
        13,
        2,
        null,
        21,
        null,
        1,
        1,
        1,
        1,
        null,
        null,
        1,
        1,
        1,
        null,
        null,
        null,
        1,
        1,
        1,
        1,
        null,
        null,
        1,
        1,
        1,
        null,
        null,
        null,
        1,
        1,
        1,
        1,
        null,
        null,
        1,
        1,
        1,
        null,
        null,
        null,
        1,
        1,
        1,
        2,
        null,
        null,
        1,
        1,
        1,
        null,
        null,
        null,
        1,
        1,
        2,
        null,
        null,
        1,
        1,
        1,
        null,
        null,
        null,
        null,
        1,
        1,
        1,
        1,
        null,
        null,
        1,
        1,
        1,
        null,
        null,
        null,
        1,
        1,
        1,
        1,
        1,
        null,
        null,
        1,
        1,
        1,
        1,
        null,
        null,
        1,
        1,
        1,
        null,
        null,
        null,
        1,
        1,
        1,
        1,
        null,
        null,
        1,
        1,
        1,
        1,
        null,
        null,
        1,
        1,
        1,
        null,
        null,
        null,
        null,
        1,
        1,
        1,
        1,
        null,
        null,
        1,
        1,
        2,
        null,
        null,
        null,
        null
      ],
      "/Users/gilbert/rails_app/merchant/spec/rails_helper.rb": [
        null,
        1,
        1,
        null,
        1,
        1,
        1,
        null,
        null,
        null,
        null,
        null,
        null,
        null,
        null,
        null,
        null,
        null,
        null,
        null,
        null,
        null,
        null,
        null,
        null,
        null,
        1,
        null,
        1,
        1,
        null,
        null,
        1,
        324,
        null,
        null,
        1,
        0,
        null,
        null,
        1,
        324,
        null,
        null,
        1,
        324,
        null,
        null,
        null,
        null,
        1,
        1,
        null,
        null,
        1,
        null,
        1,
        null,
        1,
        null,
        null,
        null,
        null,
        1,
        null,
        null,
        null,
        null,
        null,
        null,
        null,
        null,
        null,
        null,
        null,
        null,
        null,
        null,
        1,
        null,
        null,
        1,
        null,
        null,
        null
      ],
      "/Users/gilbert/rails_app/merchant/config/environment.rb": [
        null,
        1,
        null,
        null,
        1
      ],
      "/Users/gilbert/rails_app/merchant/config/application.rb": [
        1,
        null,
        1,
        null,
        null,
        null,
        1,
        null,
        1,
        1,
        null,
        null,
        null,
        null,
        null,
        null,
        null,
        null,
        null,
        null,
        null,
        null,
        null,
        null,
        1,
        0,
        0,
        null,
        null,
        1,
        null,
        null
      ],
      "/Users/gilbert/rails_app/merchant/config/boot.rb": [
        1,
        null,
        1
      ],
      "/Users/gilbert/rails_app/merchant/config/environments/test.rb": [
        1,
        null,
        null,
        null,
        null,
        null,
        null,
        1,
        null,
        null,
        null,
        null,
        1,
        null,
        null,
        1,
        1,
        1,
        null,
        null,
        1,
        1,
        null,
        null,
        1,
        null,
        null,
        1,
        null,
        null,
        null,
        null,
        1,
        null,
        null,
        1,
        null,
        null,
        1,
        null,
        null,
        null,
        null
      ],
      "/Users/gilbert/rails_app/merchant/config/initializers/assets.rb": [
        null,
        null,
        null,
        1,
        null,
        null,
        null,
        null,
        null,
        null,
        null,
        null
      ],
      "/Users/gilbert/rails_app/merchant/config/initializers/backtrace_silencers.rb": [
        null,
        null,
        null,
        null,
        null,
        null,
        null
      ],
      "/Users/gilbert/rails_app/merchant/config/initializers/chartkick.rb": [
        1,
        null,
        null,
        null,
        null,
        null,
        null,
        null,
        null
      ],
      "/Users/gilbert/rails_app/merchant/config/initializers/cookies_serializer.rb": [
        null,
        null,
        1
      ],
      "/Users/gilbert/rails_app/merchant/config/initializers/devise.rb": [
        null,
        null,
        1,
        null,
        null,
        null,
        null,
        null,
        null,
        null,
        null,
        null,
        null,
        null,
        1,
        null,
        null,
        null,
        null,
        null,
        null,
        null,
        null,
        1,
        null,
        null,
        null,
        null,
        null,
        null,
        null,
        null,
        null,
        null,
        null,
        null,
        null,
        null,
        null,
        null,
        null,
        null,
        null,
        null,
        null,
        1,
        null,
        null,
        null,
        null,
        1,
        null,
        null,
        null,
        null,
        null,
        null,
        null,
        null,
        null,
        null,
        null,
        null,
        null,
        null,
        null,
        null,
        null,
        null,
        null,
        null,
        null,
        null,
        null,
        null,
        null,
        null,
        null,
        null,
        null,
        null,
        1,
        null,
        null,
        null,
        null,
        null,
        null,
        null,
        null,
        null,
        null,
        null,
        null,
        null,
        null,
        null,
        null,
        1,
        null,
        null,
        null,
        null,
        null,
        null,
        null,
        null,
        null,
        null,
        null,
        null,
        null,
        null,
        null,
        null,
        null,
        null,
        null,
        null,
        null,
        null,
        null,
        null,
        1,
        null,
        null,
        null,
        null,
        null,
        null,
        null,
        null,
        null,
        1,
        null,
        null,
        null,
        null,
        null,
        null,
        null,
        null,
        null,
        null,
        1,
        null,
        null,
        null,
        null,
        null,
        null,
        null,
        null,
        null,
        null,
        null,
        null,
        null,
        null,
        null,
        null,
        null,
        null,
        null,
        null,
        null,
        null,
        null,
        null,
        null,
        null,
        null,
        null,
        null,
        null,
        null,
        null,
        null,
        null,
        null,
        null,
        null,
        null,
        null,
        null,
        null,
        null,
        null,
        null,
        null,
        1,
        null,
        null,
        null,
        null,
        null,
        null,
        null,
        null,
        null,
        null,
        null,
        null,
        null,
        null,
        null,
        null,
        null,
        null,
        null,
        null,
        null,
        null,
        null,
        null,
        null,
        null,
        null,
        null,
        null,
        null,
        null,
        null,
        null,
        null,
        null,
        null,
        null,
        null,
        null,
        null,
        null,
        1,
        null,
        null,
        null,
        null,
        null,
        null,
        null,
        null,
        null,
        null,
        null,
        null,
        null,
        null,
        null,
        null,
        null,
        null,
        null,
        null,
        null,
        null,
        null,
        null,
        null,
        null,
        null,
        null,
        null
      ],
      "/Users/gilbert/rails_app/merchant/config/initializers/filter_parameter_logging.rb": [
        null,
        null,
        null,
        1
      ],
      "/Users/gilbert/rails_app/merchant/config/initializers/friendly_id.rb": [
        null,
        null,
        null,
        null,
        null,
        null,
        null,
        null,
        null,
        null,
        null,
        1,
        null,
        null,
        null,
        null,
        2,
        null,
        2,
        null,
        null,
        null,
        null,
        null,
        null,
        null,
        null,
        null,
        null,
        null,
        null,
        null,
        null,
        null,
        null,
        null,
        null,
        null,
        null,
        null,
        null,
        null,
        null,
        null,
        null,
        null,
        null,
        null,
        null,
        null,
        null,
        null,
        null,
        null,
        null,
        null,
        null,
        null,
        null,
        null,
        null,
        null,
        null,
        null,
        null,
        null,
        null,
        null,
        null,
        null,
        null,
        null,
        null,
        null,
        null,
        null,
        null,
        null,
        null,
        null,
        null,
        null,
        null,
        null,
        null,
        null,
        null,
        null
      ],
      "/Users/gilbert/rails_app/merchant/config/initializers/impression.rb": [
        null,
        null,
        null,
        null,
        null,
        null,
        null,
        null
      ],
      "/Users/gilbert/rails_app/merchant/config/initializers/inflections.rb": [
        null,
        null,
        null,
        null,
        null,
        null,
        null,
        null,
        null,
        null,
        null,
        null,
        null,
        null,
        null,
        null
      ],
      "/Users/gilbert/rails_app/merchant/config/initializers/mailboxer.rb": [
        1,
        null,
        null,
        1,
        null,
        null,
        1,
        null,
        null,
        1,
        1,
        null,
        null,
        null,
        1,
        1,
        null,
        null,
        1,
        1,
        null
      ],
      "/Users/gilbert/rails_app/merchant/config/initializers/mime_types.rb": [
        null,
        null,
        null,
        null
      ],
      "/Users/gilbert/rails_app/merchant/config/initializers/session_store.rb": [
        null,
        null,
        1
      ],
      "/Users/gilbert/rails_app/merchant/config/initializers/simple_form.rb": [
        null,
        1,
        null,
        null,
        null,
        null,
        null,
        1,
        null,
        null,
        null,
        null,
        null,
        null,
        null,
        null,
        null,
        1,
        null,
        null,
        null,
        1,
        null,
        null,
        null,
        null,
        null,
        null,
        null,
        null,
        1,
        null,
        null,
        1,
        null,
        null,
        1,
        null,
        null,
        1,
        null,
        null,
        1,
        1,
        1,
        null,
        null,
        null,
        null,
        null,
        null,
        null,
        null,
        null,
        1,
        null,
        null,
        null,
        null,
        null,
        1,
        null,
        null,
        1,
        null,
        null,
        null,
        null,
        null,
        null,
        null,
        1,
        null,
        null,
        1,
        null,
        null,
        null,
        null,
        null,
        null,
        null,
        null,
        null,
        null,
        null,
        null,
        null,
        null,
        null,
        null,
        null,
        null,
        null,
        null,
        null,
        null,
        null,
        null,
        null,
        null,
        null,
        null,
        null,
        null,
        null,
        null,
        null,
        null,
        null,
        null,
        null,
        null,
        null,
        null,
        null,
        null,
        null,
        null,
        1,
        null,
        null,
        null,
        null,
        null,
        null,
        null,
        null,
        null,
        null,
        null,
        null,
        null,
        null,
        null,
        null,
        null,
        null,
        null,
        null,
        null,
        null,
        null,
        null,
        null,
        null,
        null,
        null,
        null,
        null,
        null,
        null,
        null,
        null,
        null,
        null,
        1,
        null,
        null,
        null,
        null,
        null,
        null,
        null,
        null
      ],
      "/Users/gilbert/rails_app/merchant/config/initializers/social_share_button.rb": [
        1,
        1,
        null
      ],
      "/Users/gilbert/rails_app/merchant/config/initializers/squeel.rb": [
        1,
        null,
        null,
        null,
        null,
        null,
        null,
        null,
        null,
        null,
        null,
        null,
        null,
        null,
        null,
        null,
        null,
        null,
        null,
        null,
        null,
        null,
        null,
        null
      ],
      "/Users/gilbert/rails_app/merchant/config/initializers/wrap_parameters.rb": [
        null,
        null,
        null,
        null,
        null,
        null,
        1,
        1,
        null,
        null,
        null,
        null,
        null,
        null
      ],
      "/Users/gilbert/rails_app/merchant/spec/factories/category.rb": [
        1,
        null,
        1,
        1,
        29,
        null,
        1,
        9,
        1,
        null,
        null,
        null,
        1,
        1,
        null,
        null
      ],
      "/Users/gilbert/rails_app/merchant/spec/factories/comment.rb": [
        1,
        null,
        1,
        1,
        14,
        1,
        1,
        null,
        null,
        1,
        4,
        1,
        1,
        null,
        null,
        1,
        1,
        1,
        null,
        null
      ],
      "/Users/gilbert/rails_app/merchant/spec/factories/info.rb": [
        null,
        1,
        1,
        1,
        1,
        1,
        1,
        1,
        1,
        1,
        1,
        null,
        null,
        1,
        1,
        null,
        null
      ],
      "/Users/gilbert/rails_app/merchant/spec/factories/order.rb": [
        1,
        null,
        1,
        1,
        1,
        1,
        null,
        null
      ],
      "/Users/gilbert/rails_app/merchant/spec/factories/order_item.rb": [
        1,
        null,
        1,
        1,
        1,
        1,
        1,
        null,
        null,
        1,
        1,
        null,
        null,
        1,
        1,
        1,
        1,
        null,
        null
      ],
      "/Users/gilbert/rails_app/merchant/spec/factories/product.rb": [
        1,
        null,
        1,
        1,
        130,
        127,
        136,
        1,
        1,
        1,
        1,
        107,
        136,
        136,
        1,
        1,
        null,
        null,
        1,
        1,
        null,
        null
      ],
      "/Users/gilbert/rails_app/merchant/spec/factories/user.rb": [
        1,
        1,
        283,
        1,
        283,
        283,
        null,
        null,
        1,
        4,
        1,
        4,
        4,
        1,
        null,
        null
      ],
      "/Users/gilbert/rails_app/merchant/config/routes.rb": [
        1,
        1,
        null,
        1,
        1,
        1,
        1,
        1,
        1,
        null,
        1,
        null,
        1,
        1,
        1,
        1,
        null,
        null,
        null,
        1,
        1,
        null,
        1,
        1,
        1,
        1,
        null,
        1,
        1,
        null,
        null,
        null,
        1,
        1,
        1,
        null,
        1,
        1,
        1,
        1,
        1,
        null,
        null,
        null
      ],
      "/Users/gilbert/rails_app/merchant/app/models/user.rb": [
        1,
        1,
        null,
        null,
        1,
        1,
        1,
        1,
        null,
        1,
        1,
        null,
        1,
        1,
        null,
        1,
        1,
        1,
        1,
        1,
        1,
        null,
        1,
        1,
        null,
        null,
        1,
        0,
        null,
        null,
        1,
        7,
        null,
        null
      ],
      "/Users/gilbert/rails_app/merchant/app/helpers/application_helper.rb": [
        1,
        null,
        1,
        2,
        null,
        null,
        1,
        4,
        1,
        1,
        1,
        1,
        null,
        null,
        null,
        1,
        0,
        null,
        null,
        1,
        2,
        2,
        null,
        null
      ],
      "/Users/gilbert/rails_app/merchant/app/helpers/categories_helper.rb": [
        1,
        null
      ],
      "/Users/gilbert/rails_app/merchant/app/helpers/comments_helper.rb": [
        1,
        1,
        null,
        0,
        0,
        null,
        null
      ],
      "/Users/gilbert/rails_app/merchant/app/helpers/conversations_helper.rb": [
        1,
        null
      ],
      "/Users/gilbert/rails_app/merchant/app/helpers/infos_helper.rb": [
        1,
        null
      ],
      "/Users/gilbert/rails_app/merchant/app/helpers/mailbox_helper.rb": [
        1,
        1,
        0,
        null,
        null
      ],
      "/Users/gilbert/rails_app/merchant/app/helpers/order_items_helper.rb": [
        1,
        null
      ],
      "/Users/gilbert/rails_app/merchant/app/helpers/orders_helper.rb": [
        1,
        null
      ],
      "/Users/gilbert/rails_app/merchant/app/helpers/products_helper.rb": [
        1,
        1,
        1,
        null,
        null,
        1,
        3,
        1,
        2,
        1,
        1,
        1,
        null,
        null,
        null,
        1,
        1,
        null,
        null,
        null
      ],
      "/Users/gilbert/rails_app/merchant/app/helpers/users_helper.rb": [
        1,
        1,
        1,
        null,
        null
      ],
      "/Users/gilbert/rails_app/merchant/app/controllers/categories_controller.rb": [
        1,
        1,
        1,
        null,
        1,
        2,
        2,
        null,
        null,
        1,
        2,
        2,
        null,
        null,
        1,
        4,
        4,
        4,
        2,
        null,
        2,
        null,
        null,
        null,
        1,
        2,
        null,
        null,
        1,
        2,
        2,
        null,
        null,
        1,
        null,
        null,
        1,
        6,
        3,
        null,
        3,
        null,
        null,
        null,
        null,
        1,
        null,
        1,
        24,
        null,
        null,
        null
      ],
      "/Users/gilbert/rails_app/merchant/app/controllers/application_controller.rb": [
        1,
        null,
        1,
        1,
        null,
        1,
        null,
        1,
        1,
        null,
        null,
        1,
        1,
        null,
        null,
        1,
        97,
        97,
        97,
        null,
        null,
        null,
        1,
        null,
        1,
        43,
        43,
        43,
        null,
        null,
        1,
        0,
        null,
        null,
        1,
        0,
        null,
        null,
        1,
        10,
        null,
        null,
        1,
        null,
        1,
        28,
        null,
        null,
        1,
        0,
        0,
        null,
        null,
        null,
        null
      ],
      "/Users/gilbert/rails_app/merchant/spec/controllers/comments_controllers_spec.rb": [
        1,
        null,
        1,
        1,
        1,
        1,
        1,
        1,
        null,
        null,
        null,
        null,
        1,
        6,
        6,
        2,
        1,
        null,
        6,
        null,
        1,
        1,
        5,
        null,
        null,
        1,
        1,
        null,
        null,
        1,
        1,
        1,
        1,
        null,
        null,
        null,
        1,
        1,
        1,
        null,
        null,
        null,
        1,
        1,
        1,
        1,
        null,
        null,
        null,
        1,
        1,
        1,
        null,
        null,
        null,
        null,
        null,
        null,
        null
      ],
      "/Users/gilbert/rails_app/merchant/app/controllers/comments_controller.rb": [
        1,
        null,
        1,
        4,
        4,
        2,
        null,
        2,
        null,
        null,
        null,
        1,
        null,
        1,
        8,
        null,
        null
      ],
      "/Users/gilbert/rails_app/merchant/spec/controllers/infos_controllers_spec.rb": [
        1,
        null,
        1,
        1,
        1,
        1,
        1,
        1,
        null,
        null,
        null,
        null,
        1,
        19,
        12,
        19,
        null,
        1,
        1,
        1,
        1,
        null,
        null,
        1,
        1,
        1,
        null,
        null,
        null,
        1,
        1,
        1,
        1,
        null,
        null,
        1,
        1,
        1,
        null,
        null,
        null,
        1,
        1,
        1,
        1,
        1,
        null,
        null,
        null,
        1,
        1,
        1,
        null,
        null,
        null,
        1,
        1,
        1,
        1,
        null,
        null,
        null,
        1,
        1,
        1,
        null,
        null,
        null,
        null,
        1,
        1,
        1,
        1,
        null,
        null,
        1,
        1,
        1,
        null,
        null,
        null,
        1,
        1,
        1,
        1,
        1,
        null,
        null,
        1,
        1,
        1,
        1,
        null,
        null,
        1,
        1,
        1,
        null,
        null,
        null,
        1,
        1,
        1,
        1,
        null,
        null,
        1,
        1,
        1,
        1,
        null,
        null,
        1,
        1,
        1,
        null,
        null,
        null,
        null,
        1,
        1,
        1,
        1,
        null,
        null,
        1,
        1,
        2,
        null,
        null,
        null,
        null
      ],
      "/Users/gilbert/rails_app/merchant/app/controllers/infos_controller.rb": [
        1,
        1,
        1,
        1,
        null,
        1,
        2,
        null,
        null,
        1,
        null,
        null,
        1,
        4,
        4,
        2,
        null,
        2,
        null,
        null,
        null,
        1,
        null,
        null,
        1,
        6,
        3,
        null,
        3,
        null,
        null,
        null,
        1,
        2,
        2,
        null,
        null,
        1,
        null,
        1,
        30,
        null,
        null,
        null
      ],
      "/Users/gilbert/rails_app/merchant/spec/controllers/order_items_controller_spec.rb": [
        1,
        null,
        1,
        1,
        1,
        1,
        1,
        1,
        null,
        null,
        null,
        null,
        1,
        19,
        19,
        19,
        19,
        17,
        null,
        19,
        null,
        1,
        1,
        1,
        1,
        null,
        null,
        1,
        1,
        1,
        null,
        null,
        1,
        1,
        1,
        null,
        null,
        null,
        1,
        1,
        1,
        1,
        null,
        null,
        1,
        1,
        1,
        1,
        null,
        null,
        1,
        1,
        1,
        null,
        null,
        null,
        1,
        1,
        1,
        1,
        null,
        null,
        1,
        1,
        1,
        null,
        null,
        null,
        1,
        1,
        1,
        1,
        1,
        1,
        null,
        null,
        null,
        1,
        1,
        1,
        null,
        null,
        null,
        null,
        1,
        1,
        1,
        1,
        null,
        null,
        1,
        1,
        1,
        1,
        null,
        null,
        1,
        1,
        1,
        null,
        null,
        null,
        1,
        1,
        1,
        1,
        1,
        null,
        null,
        1,
        1,
        1,
        null,
        null,
        null,
        null,
        1,
        1,
        1,
        1,
        null,
        null,
        1,
        1,
        1,
        null,
        null,
        1,
        1,
        2,
        null,
        null,
        null,
        null,
        null,
        null,
        null,
        null,
        null,
        null,
        null,
        null,
        null,
        null,
        null,
        null,
        null,
        null,
        null,
        null,
        null,
        null,
        null,
        null,
        null,
        null,
        null,
        null,
        null,
        null,
        null,
        null,
        null,
        null,
        null,
        null,
        null,
        null,
        null,
        null,
        null,
        null,
        null
      ],
      "/Users/gilbert/rails_app/merchant/app/controllers/order_items_controller.rb": [
        1,
        1,
        1,
        null,
        1,
        null,
        1,
        null,
        null,
        1,
        0,
        0,
        0,
        0,
        0,
        null,
        0,
        null,
        null,
        null,
        1,
        7,
        4,
        4,
        3,
        3,
        null,
        0,
        0,
        null,
        null,
        null,
        1,
        3,
        3,
        3,
        null,
        null,
        1,
        3,
        3,
        3,
        null,
        0,
        null,
        null,
        null,
        1,
        3,
        3,
        3,
        null,
        null,
        1,
        null,
        1,
        10,
        10,
        10,
        10,
        null,
        null,
        null,
        1,
        10,
        null,
        null,
        1,
        0,
        null,
        null
      ],
      "/Users/gilbert/rails_app/merchant/spec/controllers/orders_controllers_spec.rb": [
        1,
        null,
        1,
        1,
        1,
        1,
        1,
        1,
        null,
        null,
        null,
        null,
        1,
        5,
        4,
        null,
        5,
        null,
        1,
        1,
        1,
        1,
        null,
        null,
        1,
        1,
        1,
        null,
        null,
        null,
        1,
        1,
        1,
        2,
        null,
        null,
        1,
        1,
        1,
        null,
        null,
        null,
        null
      ],
      "/Users/gilbert/rails_app/merchant/app/controllers/orders_controller.rb": [
        1,
        1,
        1,
        null,
        1,
        null,
        1,
        null,
        null,
        1,
        2,
        2,
        null,
        null,
        1,
        1,
        0,
        null,
        null,
        1,
        4,
        null,
        null
      ],
      "/Users/gilbert/rails_app/merchant/spec/controllers/products_controller_spec.rb": [
        1,
        null,
        1,
        1,
        1,
        1,
        1,
        1,
        null,
        null,
        null,
        null,
        1,
        25,
        17,
        6,
        6,
        null,
        25,
        null,
        1,
        1,
        1,
        1,
        null,
        null,
        1,
        1,
        1,
        null,
        null,
        1,
        1,
        1,
        null,
        null,
        null,
        1,
        1,
        1,
        1,
        null,
        null,
        1,
        1,
        1,
        null,
        null,
        1,
        1,
        1,
        null,
        null,
        1,
        1,
        1,
        null,
        null,
        1,
        1,
        1,
        null,
        null,
        null,
        1,
        1,
        1,
        1,
        null,
        null,
        1,
        1,
        1,
        null,
        null,
        null,
        1,
        1,
        1,
        1,
        1,
        null,
        null,
        null,
        1,
        1,
        1,
        null,
        null,
        null,
        1,
        1,
        1,
        1,
        null,
        null,
        null,
        1,
        1,
        1,
        null,
        null,
        null,
        null,
        1,
        1,
        1,
        1,
        null,
        null,
        1,
        1,
        1,
        null,
        null,
        null,
        1,
        1,
        1,
        1,
        1,
        null,
        null,
        1,
        1,
        1,
        1,
        null,
        null,
        1,
        1,
        1,
        null,
        null,
        null,
        1,
        1,
        1,
        1,
        null,
        null,
        1,
        1,
        1,
        1,
        null,
        null,
        1,
        1,
        1,
        null,
        null,
        null,
        null,
        1,
        1,
        1,
        1,
        null,
        null,
        1,
        1,
        2,
        null,
        null,
        null,
        null
      ],
      "/Users/gilbert/rails_app/merchant/app/controllers/products_controller.rb": [
        1,
        1,
        1,
        1,
        null,
        1,
        5,
        5,
        5,
        null,
        null,
        null,
        1,
        3,
        3,
        null,
        3,
        null,
        null,
        1,
        2,
        2,
        null,
        null,
        1,
        2,
        null,
        null,
        1,
        4,
        4,
        2,
        null,
        2,
        null,
        null,
        null,
        1,
        6,
        3,
        null,
        3,
        null,
        null,
        null,
        1,
        2,
        2,
        null,
        null,
        1,
        1,
        15,
        null,
        null,
        1,
        20,
        null,
        null,
        1,
        3,
        3,
        null,
        null
      ],
      "/Users/gilbert/rails_app/merchant/spec/controllers/users_controller_spec.rb": [
        1,
        null,
        1,
        1,
        1,
        1,
        1,
        1,
        null,
        null,
        null,
        null,
        1,
        9,
        5,
        1,
        2,
        null,
        9,
        null,
        1,
        null,
        1,
        1,
        1,
        null,
        null,
        1,
        1,
        1,
        null,
        null,
        1,
        1,
        1,
        null,
        null,
        1,
        1,
        1,
        1,
        1,
        null,
        null,
        1,
        1,
        1,
        null,
        null,
        null,
        1,
        1,
        1,
        1,
        null,
        null,
        1,
        1,
        1,
        null,
        null,
        1,
        1,
        1,
        null,
        null,
        null,
        null
      ],
      "/Users/gilbert/rails_app/merchant/app/controllers/users_controller.rb": [
        1,
        1,
        null,
        1,
        5,
        5,
        null,
        null,
        1,
        3,
        1,
        1,
        null,
        2,
        2,
        null,
        null,
        null,
        1,
        null,
        1,
        8,
        null,
        null,
        null,
        null
      ],
      "/Users/gilbert/rails_app/merchant/spec/helpers/application_helper_spec.rb": [
        1,
        null,
        1,
        1,
        1,
        2,
        null,
        null,
        1,
        2,
        null,
        null,
        1,
        2,
        null,
        null,
        1,
        2,
        null,
        null,
        1,
        2,
        null,
        null,
        1,
        2,
        null,
        null,
        1,
        2,
        null,
        null,
        1,
        2,
        null,
        null,
        null
      ],
      "/Users/gilbert/rails_app/merchant/spec/helpers/products_helper_spec.rb": [
        1,
        null,
        1,
        1,
        1,
        2,
        null,
        null,
        1,
        2,
        null,
        null,
        1,
        1,
        2,
        null,
        null,
        1,
        1,
        2,
        null,
        null,
        1,
        2,
        null,
        null,
        null
      ],
      "/Users/gilbert/rails_app/merchant/spec/helpers/users_helper_spec.rb": [
        1,
        null,
        1,
        1,
        1,
        2,
        null,
        null,
        null
      ],
      "/Users/gilbert/rails_app/merchant/spec/models/ability_spec.rb": [
        1,
        1,
        null,
        1,
        1,
        1,
        null,
        null,
        1,
        1,
        null,
        null,
        7,
        3,
        3,
        null,
        3,
        3,
        3,
        4,
        4,
        null,
        1,
        1,
        1,
        1,
        null,
        null,
        1,
        1,
        null,
        null,
        1,
        1,
        null,
        null,
        null,
        1,
        1,
        1,
        null,
        null,
        1,
        1,
        null,
        null,
        1,
        1,
        null,
        null,
        null,
        null
      ],
      "/Users/gilbert/rails_app/merchant/app/models/ability.rb": [
        1,
        1,
        null,
        1,
        27,
        27,
        0,
        27,
        22,
        null,
        5,
        5,
        5,
        null,
        null,
        null
      ],
      "/Users/gilbert/rails_app/merchant/spec/models/average_cache_spec.rb": [
        1,
        null,
        1,
        null,
        1,
        2,
        2,
        null,
        null
      ],
      "/Users/gilbert/rails_app/merchant/app/models/average_cache.rb": [
        1,
        1,
        1,
        null
      ],
      "/Users/gilbert/rails_app/merchant/spec/models/category_spec.rb": [
        1,
        null,
        1,
        null,
        1,
        1,
        null,
        null,
        1,
        1,
        null,
        null,
        6,
        2,
        null,
        1,
        null,
        2,
        null,
        null,
        2,
        null,
        null,
        2,
        null,
        null,
        1,
        2,
        null,
        null,
        1,
        1,
        2,
        2,
        null,
        null,
        null
      ],
      "/Users/gilbert/rails_app/merchant/app/models/category.rb": [
        1,
        1,
        1,
        null,
        1,
        1,
        null,
        5,
        null,
        null
      ],
      "/Users/gilbert/rails_app/merchant/spec/models/comment_spec.rb": [
        1,
        null,
        1,
        null,
        1,
        1,
        null,
        null,
        1,
        1,
        null,
        null,
        6,
        2,
        1,
        null,
        1,
        null,
        2,
        null,
        null,
        2,
        null,
        null,
        2,
        null,
        null,
        1,
        2,
        null,
        null,
        1,
        1,
        1,
        null,
        null,
        null,
        null,
        null,
        null,
        null,
        null,
        null,
        null,
        null,
        null,
        null,
        null,
        null,
        null,
        null,
        null,
        null,
        null,
        null
      ],
      "/Users/gilbert/rails_app/merchant/app/models/comment.rb": [
        1,
        1,
        1,
        null,
        1,
        1,
        null,
        1,
        4,
        0,
        0,
        null,
        4,
        null,
        4,
        4,
        4,
        null,
        null
      ],
      "/Users/gilbert/rails_app/merchant/spec/models/follow_spec.rb": [
        1,
        null,
        1,
        1,
        2,
        2,
        null,
        null
      ],
      "/Users/gilbert/rails_app/merchant/app/models/follow.rb": [
        1,
        null,
        1,
        1,
        null,
        1,
        1,
        null,
        1,
        0,
        null,
        null,
        null
      ],
      "/Users/gilbert/rails_app/merchant/spec/models/info_spec.rb": [
        1,
        null,
        null,
        1,
        null,
        1,
        1,
        null,
        null,
        22,
        null,
        1,
        null,
        2,
        2,
        2,
        2,
        2,
        2,
        2,
        2,
        null,
        null,
        2,
        2,
        2,
        2,
        2,
        2,
        2,
        null,
        null,
        1,
        2,
        2,
        2,
        2,
        2,
        null,
        null,
        1,
        2,
        null,
        null,
        null
      ],
      "/Users/gilbert/rails_app/merchant/app/models/info.rb": [
        1,
        1,
        null,
        1,
        null,
        1,
        1,
        1,
        null
      ],
      "/Users/gilbert/rails_app/merchant/spec/models/order_item_spec.rb": [
        1,
        null,
        1,
        null,
        1,
        1,
        null,
        null,
        11,
        null,
        1,
        2,
        2,
        2,
        null,
        null,
        1,
        2,
        2,
        null,
        null,
        1,
        1,
        2,
        2,
        2,
        null,
        null,
        1,
        1,
        2,
        null,
        null,
        1,
        2,
        null,
        null,
        null,
        null,
        1,
        1,
        2,
        null,
        null,
        null
      ],
      "/Users/gilbert/rails_app/merchant/app/models/order_item.rb": [
        1,
        1,
        1,
        null,
        1,
        1,
        null,
        1,
        2,
        null,
        null,
        1,
        1,
        null,
        null,
        1,
        0,
        null,
        null,
        1,
        7,
        7,
        3,
        5,
        3,
        null,
        null,
        null,
        7,
        null,
        null
      ],
      "/Users/gilbert/rails_app/merchant/spec/models/order_spec.rb": [
        1,
        null,
        1,
        null,
        1,
        1,
        null,
        null,
        null,
        10,
        null,
        1,
        2,
        2,
        null,
        null,
        1,
        2,
        2,
        null,
        null,
        1,
        1,
        2,
        2,
        2,
        2,
        null,
        null,
        1,
        1,
        8,
        8,
        null,
        8,
        8,
        null,
        8,
        8,
        null,
        null,
        1,
        1,
        1,
        null,
        null,
        null,
        1,
        1,
        1,
        null,
        null,
        1,
        1,
        null,
        null,
        null,
        1,
        1,
        1,
        1,
        1,
        1,
        null,
        null,
        1,
        1,
        1,
        null,
        null,
        null,
        1,
        1,
        1,
        1,
        1,
        null,
        null,
        1,
        1,
        1,
        null,
        null,
        null,
        null,
        1,
        1,
        1,
        1,
        null,
        null,
        null,
        null,
        null
      ],
      "/Users/gilbert/rails_app/merchant/app/models/order.rb": [
        1,
        1,
        1,
        null,
        1,
        null,
        1,
        1,
        1,
        1,
        null,
        1,
        null,
        null,
        1,
        8,
        8,
        2,
        2,
        1,
        null,
        null,
        8,
        null,
        null,
        1,
        7,
        4,
        4,
        4,
        4,
        null,
        7,
        7,
        null,
        null,
        1,
        4,
        4,
        null,
        null
      ],
      "/Users/gilbert/rails_app/merchant/spec/models/overall_average_spec.rb": [
        1,
        null,
        1,
        null,
        1,
        2,
        null,
        null
      ],
      "/Users/gilbert/rails_app/merchant/spec/models/picture_spec.rb": [
        1,
        null,
        1,
        null,
        1,
        2,
        2,
        null,
        null,
        1,
        2,
        null,
        null
      ],
      "/Users/gilbert/rails_app/merchant/app/models/picture.rb": [
        1,
        1,
        1,
        null,
        1,
        null
      ],
      "/Users/gilbert/rails_app/merchant/spec/models/product_spec.rb": [
        1,
        null,
        1,
        1,
        1,
        null,
        null,
        32,
        null,
        1,
        null,
        2,
        2,
        2,
        2,
        2,
        2,
        2,
        2,
        2,
        2,
        null,
        null,
        2,
        2,
        2,
        2,
        null,
        null,
        1,
        2,
        2,
        2,
        2,
        null,
        null,
        2,
        2,
        null,
        null,
        2,
        2,
        null,
        null,
        null,
        null,
        null,
        null,
        2,
        2,
        null,
        null,
        1,
        2,
        2,
        2,
        2,
        null,
        null,
        1,
        1,
        2,
        null,
        null,
        null,
        1,
        1,
        2,
        2,
        2,
        null,
        null,
        1,
        1,
        2,
        null,
        null,
        1,
        1,
        6,
        6,
        6,
        null,
        null,
        2,
        2,
        2,
        null,
        2,
        2,
        2,
        null,
        null,
        null,
        null,
        1,
        1,
        2,
        2,
        null,
        null,
        1,
        1,
        1,
        1,
        1,
        null,
        null,
        1,
        1,
        1,
        1,
        1,
        1,
        null,
        null,
        null,
        1,
        1,
        3,
        3,
        3,
        null,
        null,
        2,
        2,
        2,
        null,
        null,
        null,
        null
      ],
      "/Users/gilbert/rails_app/merchant/app/models/product.rb": [
        1,
        1,
        1,
        1,
        null,
        1,
        1,
        1,
        null,
        1,
        1,
        1,
        1,
        1,
        1,
        1,
        null,
        3,
        null,
        1,
        1,
        1,
        null,
        1,
        1,
        1,
        0,
        0,
        0,
        0,
        0,
        null,
        null,
        null,
        1,
        6,
        0,
        12,
        0,
        12,
        0,
        null,
        null,
        null,
        1,
        3,
        0,
        3,
        1,
        2,
        0,
        null,
        2,
        null,
        null,
        null,
        1,
        2,
        2,
        1,
        null,
        2,
        null,
        null,
        1,
        12,
        3,
        null,
        null
      ],
      "/Users/gilbert/rails_app/merchant/spec/models/rate_spec.rb": [
        1,
        null,
        1,
        null,
        1,
        2,
        2,
        null,
        null
      ],
      "/Users/gilbert/rails_app/merchant/app/models/rate.rb": [
        1,
        1,
        1,
        null
      ],
      "/Users/gilbert/rails_app/merchant/spec/models/rating_cache_spec.rb": [
        1,
        null,
        1,
        null,
        1,
        2,
        null,
        null
      ],
      "/Users/gilbert/rails_app/merchant/app/models/rating_cache.rb": [
        1,
        1,
        null
      ],
      "/Users/gilbert/rails_app/merchant/spec/models/user_spec.rb": [
        1,
        null,
        1,
        null,
        1,
        1,
        null,
        null,
        16,
        null,
        1,
        2,
        2,
        2,
        null,
        2,
        2,
        null,
        null,
        1,
        2,
        2,
        2,
        2,
        null,
        null,
        1,
        1,
        2,
        2,
        2,
        null,
        null,
        1,
        1,
        3,
        null,
        3,
        3,
        null,
        3,
        3,
        null,
        null,
        1,
        1,
        1,
        null,
        null,
        1,
        1,
        null,
        null,
        null,
        1,
        1,
        1,
        1,
        null,
        null,
        null,
        null,
        null
      ],
      "/Users/gilbert/rails_app/merchant/spec/routing/category_routing_spec.rb": [
        1,
        null,
        1,
        1,
        1,
        1,
        null,
        null,
        1,
        1,
        null,
        null,
        1,
        1,
        null,
        null,
        1,
        1,
        null,
        null,
        1,
        1,
        null,
        null,
        1,
        1,
        null,
        null,
        1,
        1,
        null,
        null,
        null
      ],
      "/Users/gilbert/rails_app/merchant/spec/routing/comment_routing_spec.rb": [
        1,
        null,
        1,
        1,
        1,
        1,
        null,
        null,
        null
      ],
      "/Users/gilbert/rails_app/merchant/spec/routing/conversation_routing_spec.rb": [
        1,
        null,
        1,
        1,
        1,
        1,
        null,
        null,
        1,
        1,
        null,
        null,
        1,
        1,
        null,
        null,
        1,
        1,
        null,
        null,
        1,
        1,
        null,
        null,
        1,
        1,
        null,
        null,
        1,
        1,
        null,
        null,
        null,
        1,
        1,
        1,
        null,
        null,
        1,
        1,
        null,
        null,
        1,
        1,
        null,
        null,
        null
      ],
      "/Users/gilbert/rails_app/merchant/spec/routing/info_routing_spec.rb": [
        1,
        null,
        1,
        1,
        1,
        1,
        null,
        null,
        1,
        1,
        null,
        null,
        1,
        1,
        null,
        null,
        1,
        1,
        null,
        null,
        1,
        1,
        null,
        null,
        1,
        1,
        null,
        null,
        null
      ],
      "/Users/gilbert/rails_app/merchant/spec/routing/mailbox_routing_spec.rb": [
        1,
        null,
        1,
        1,
        1,
        1,
        null,
        null,
        1,
        1,
        null,
        null,
        1,
        1,
        null,
        null,
        null
      ],
      "/Users/gilbert/rails_app/merchant/spec/routing/order_item_routing_spec.rb": [
        1,
        null,
        1,
        1,
        1,
        1,
        null,
        null,
        1,
        1,
        null,
        null,
        1,
        1,
        null,
        null,
        1,
        1,
        null,
        null,
        1,
        1,
        null,
        null,
        1,
        1,
        null,
        null,
        1,
        1,
        null,
        null,
        null,
        1,
        1,
        1,
        null,
        null,
        1,
        1,
        null,
        null,
        null,
        1,
        1,
        1,
        null,
        null,
        null
      ],
      "/Users/gilbert/rails_app/merchant/spec/routing/order_routing_spec.rb": [
        1,
        null,
        1,
        1,
        1,
        1,
        null,
        null,
        1,
        1,
        null,
        null,
        1,
        1,
        null,
        null,
        1,
        1,
        null,
        null,
        1,
        1,
        null,
        null,
        1,
        1,
        null,
        null,
        1,
        1,
        null,
        null,
        null
      ],
      "/Users/gilbert/rails_app/merchant/spec/routing/product_routing_spec.rb": [
        1,
        null,
        1,
        1,
        1,
        1,
        null,
        null,
        1,
        1,
        null,
        null,
        1,
        1,
        null,
        null,
        1,
        1,
        null,
        null,
        1,
        1,
        null,
        null,
        1,
        1,
        null,
        null,
        1,
        1,
        null,
        null,
        null,
        1,
        1,
        1,
        null,
        null,
        1,
        1,
        null,
        null,
        1,
        1,
        null,
        null,
        null
      ],
      "/Users/gilbert/rails_app/merchant/spec/routing/rater_routing_spec.rb": [
        1,
        null,
        1,
        1,
        1,
        1,
        null,
        null,
        null
      ],
      "/Users/gilbert/rails_app/merchant/spec/routing/user_routing_spec.rb": [
        1,
        null,
        1,
        1,
        1,
        1,
        null,
        null,
        null,
        1,
        1,
        1,
        null,
        null,
        null
      ],
      "/Users/gilbert/rails_app/merchant/app/controllers/conversations_controller.rb": [
        1,
        1,
        1,
        null,
        1,
        null,
        null,
        1,
        0,
        0,
        0,
        null,
        null,
        1,
        0,
        0,
        null,
        null,
        null,
        1,
        0,
        0,
        null,
        null,
        1,
        0,
        0,
        null,
        null,
        1,
        0,
        0,
        null,
        null,
        null,
        1,
        null,
        1,
        0,
        null,
        null,
        1,
        0,
        null,
        null
      ],
      "/Users/gilbert/rails_app/merchant/app/controllers/mailbox_controller.rb": [
        1,
        1,
        1,
        null,
        1,
        0,
        0,
        null,
        null,
        1,
        0,
        0,
        null,
        null,
        1,
        0,
        0,
        null,
        null
      ],
      "/Users/gilbert/rails_app/merchant/app/controllers/rater_controller.rb": [
        1,
        null,
        1,
        0,
        0,
        0,
        null,
        0,
        null,
        0,
        null,
        null,
        null
      ]
    },
    "timestamp": 1454002052
  }
}
